  Test.c
c1 : fatal error C1083: 소스 파일을 열 수 없습니다. '..\ComputerScience\C_Programs\Test.c': No such file or directory
  Program18.c
D:\MyProgram\Ttmdacl_Programs\CS_CP2\Program18.c(32,9): warning C4101: 'j' :참조되지 않은 지역 변수입니다.
D:\MyProgram\Ttmdacl_Programs\CS_CP2\Program18.c(97,25): warning C4267: '초기화 중': 'size_t'에서 'int'(으)로 변환하면서 데이터가 손실될 수 있습니다.
  Program2_Example.c
D:\MyProgram\Ttmdacl_Programs\CS_DS\Program2_Example.c(15,9): warning C4477: 'printf' : 서식 문자열 '%d'에 'int' 형식의 인수가 필요하지만 variadic 인수 1의 형식이 'size_t'입니다.
D:\MyProgram\Ttmdacl_Programs\CS_DS\Program2_Example.c(15,9): message : 서식 문자열에서 '%zd'을(를) 사용하는 것이 좋습니다.
D:\MyProgram\Ttmdacl_Programs\CS_DS\Program2_Example.c(15,9): warning C4477: 'printf' : 서식 문자열 '%4d'에 'int' 형식의 인수가 필요하지만 variadic 인수 2의 형식이 'size_t'입니다.
D:\MyProgram\Ttmdacl_Programs\CS_DS\Program2_Example.c(15,9): message : 서식 문자열에서 '%zd'을(를) 사용하는 것이 좋습니다.
D:\MyProgram\Ttmdacl_Programs\CS_DS\Program2_Example.c(16,9): warning C4477: 'printf' : 서식 문자열 '%d'에 'int' 형식의 인수가 필요하지만 variadic 인수 1의 형식이 'size_t'입니다.
D:\MyProgram\Ttmdacl_Programs\CS_DS\Program2_Example.c(16,9): message : 서식 문자열에서 '%zd'을(를) 사용하는 것이 좋습니다.
D:\MyProgram\Ttmdacl_Programs\CS_DS\Program2_Example.c(16,9): warning C4477: 'printf' : 서식 문자열 '%4d'에 'int' 형식의 인수가 필요하지만 variadic 인수 2의 형식이 'size_t'입니다.
D:\MyProgram\Ttmdacl_Programs\CS_DS\Program2_Example.c(16,9): message : 서식 문자열에서 '%zd'을(를) 사용하는 것이 좋습니다.
D:\MyProgram\Ttmdacl_Programs\CS_DS\Program2_Example.c(17,9): warning C4477: 'printf' : 서식 문자열 '%d'에 'int' 형식의 인수가 필요하지만 variadic 인수 1의 형식이 'size_t'입니다.
D:\MyProgram\Ttmdacl_Programs\CS_DS\Program2_Example.c(17,9): message : 서식 문자열에서 '%zd'을(를) 사용하는 것이 좋습니다.
D:\MyProgram\Ttmdacl_Programs\CS_DS\Program2_Example.c(17,9): warning C4477: 'printf' : 서식 문자열 '%4d'에 'int' 형식의 인수가 필요하지만 variadic 인수 2의 형식이 'size_t'입니다.
D:\MyProgram\Ttmdacl_Programs\CS_DS\Program2_Example.c(17,9): message : 서식 문자열에서 '%zd'을(를) 사용하는 것이 좋습니다.
D:\MyProgram\Ttmdacl_Programs\CS_DS\Program2_Example.c(18,9): warning C4477: 'printf' : 서식 문자열 '%d'에 'int' 형식의 인수가 필요하지만 variadic 인수 1의 형식이 'size_t'입니다.
D:\MyProgram\Ttmdacl_Programs\CS_DS\Program2_Example.c(18,9): message : 서식 문자열에서 '%zd'을(를) 사용하는 것이 좋습니다.
D:\MyProgram\Ttmdacl_Programs\CS_DS\Program2_Example.c(18,9): warning C4477: 'printf' : 서식 문자열 '%4d'에 'int' 형식의 인수가 필요하지만 variadic 인수 2의 형식이 'size_t'입니다.
D:\MyProgram\Ttmdacl_Programs\CS_DS\Program2_Example.c(18,9): message : 서식 문자열에서 '%zd'을(를) 사용하는 것이 좋습니다.
D:\MyProgram\Ttmdacl_Programs\CS_DS\Program2_Example.c(19,9): warning C4477: 'printf' : 서식 문자열 '%d'에 'int' 형식의 인수가 필요하지만 variadic 인수 1의 형식이 'size_t'입니다.
D:\MyProgram\Ttmdacl_Programs\CS_DS\Program2_Example.c(19,9): message : 서식 문자열에서 '%zd'을(를) 사용하는 것이 좋습니다.
D:\MyProgram\Ttmdacl_Programs\CS_DS\Program2_Example.c(19,9): warning C4477: 'printf' : 서식 문자열 '%4d'에 'int' 형식의 인수가 필요하지만 variadic 인수 2의 형식이 'size_t'입니다.
D:\MyProgram\Ttmdacl_Programs\CS_DS\Program2_Example.c(19,9): message : 서식 문자열에서 '%zd'을(를) 사용하는 것이 좋습니다.
D:\MyProgram\Ttmdacl_Programs\CS_DS\Program2_Example.c(90,6): warning C4013: 'gets'이(가) 정의되지 않았습니다. extern은 int형을 반환하는 것으로 간주합니다.
D:\MyProgram\Ttmdacl_Programs\CS_DS\Program2_Example.c(156,9): warning C4477: 'printf' : 서식 문자열 '%u'에 'unsigned int' 형식의 인수가 필요하지만 variadic 인수 1의 형식이 'int *'입니다.
D:\MyProgram\Ttmdacl_Programs\CS_DS\Program2_Example.c(156,9): warning C4313: 'printf': 서식 문자열의 '%u'이(가) int *' 형식의 인수 1과(와) 충돌합니다.
D:\MyProgram\Ttmdacl_Programs\CS_DS\Program2_Example.c(157,9): warning C4477: 'printf' : 서식 문자열 '%u'에 'unsigned int' 형식의 인수가 필요하지만 variadic 인수 1의 형식이 'int *'입니다.
D:\MyProgram\Ttmdacl_Programs\CS_DS\Program2_Example.c(157,9): warning C4313: 'printf': 서식 문자열의 '%u'이(가) int *' 형식의 인수 1과(와) 충돌합니다.
D:\MyProgram\Ttmdacl_Programs\CS_DS\Program2_Example.c(161,9): warning C4477: 'printf' : 서식 문자열 '%u'에 'unsigned int' 형식의 인수가 필요하지만 variadic 인수 1의 형식이 'int **'입니다.
D:\MyProgram\Ttmdacl_Programs\CS_DS\Program2_Example.c(161,9): warning C4313: 'printf': 서식 문자열의 '%u'이(가) int **' 형식의 인수 1과(와) 충돌합니다.
D:\MyProgram\Ttmdacl_Programs\CS_DS\Program2_Example.c(162,9): warning C4477: 'printf' : 서식 문자열 '%u'에 'unsigned int' 형식의 인수가 필요하지만 variadic 인수 1의 형식이 'int *'입니다.
D:\MyProgram\Ttmdacl_Programs\CS_DS\Program2_Example.c(162,9): warning C4313: 'printf': 서식 문자열의 '%u'이(가) int *' 형식의 인수 1과(와) 충돌합니다.
D:\MyProgram\Ttmdacl_Programs\CS_DS\Program2_Example.c(167,9): warning C4477: 'printf' : 서식 문자열 '%u'에 'unsigned int' 형식의 인수가 필요하지만 variadic 인수 1의 형식이 'int **'입니다.
D:\MyProgram\Ttmdacl_Programs\CS_DS\Program2_Example.c(167,9): warning C4313: 'printf': 서식 문자열의 '%u'이(가) int **' 형식의 인수 1과(와) 충돌합니다.
D:\MyProgram\Ttmdacl_Programs\CS_DS\Program2_Example.c(168,9): warning C4477: 'printf' : 서식 문자열 '%u'에 'unsigned int' 형식의 인수가 필요하지만 variadic 인수 1의 형식이 'int *'입니다.
D:\MyProgram\Ttmdacl_Programs\CS_DS\Program2_Example.c(168,9): warning C4313: 'printf': 서식 문자열의 '%u'이(가) int *' 형식의 인수 1과(와) 충돌합니다.
D:\MyProgram\Ttmdacl_Programs\CS_DS\Program2_Example.c(184,9): warning C4477: 'printf' : 서식 문자열 '%u'에 'unsigned int' 형식의 인수가 필요하지만 variadic 인수 1의 형식이 'char *'입니다.
D:\MyProgram\Ttmdacl_Programs\CS_DS\Program2_Example.c(184,9): warning C4313: 'printf': 서식 문자열의 '%u'이(가) char *' 형식의 인수 1과(와) 충돌합니다.
D:\MyProgram\Ttmdacl_Programs\CS_DS\Program2_Example.c(184,9): warning C4477: 'printf' : 서식 문자열 '%u'에 'unsigned int' 형식의 인수가 필요하지만 variadic 인수 2의 형식이 'char *'입니다.
D:\MyProgram\Ttmdacl_Programs\CS_DS\Program2_Example.c(184,9): warning C4313: 'printf': 서식 문자열의 '%u'이(가) char *' 형식의 인수 2과(와) 충돌합니다.
D:\MyProgram\Ttmdacl_Programs\CS_DS\Program2_Example.c(242,9): warning C4477: 'printf' : 서식 문자열 '%u'에 'unsigned int' 형식의 인수가 필요하지만 variadic 인수 1의 형식이 'char **'입니다.
D:\MyProgram\Ttmdacl_Programs\CS_DS\Program2_Example.c(242,9): warning C4313: 'printf': 서식 문자열의 '%u'이(가) char **' 형식의 인수 1과(와) 충돌합니다.
D:\MyProgram\Ttmdacl_Programs\CS_DS\Program2_Example.c(243,9): warning C4477: 'printf' : 서식 문자열 '%u'에 'unsigned int' 형식의 인수가 필요하지만 variadic 인수 1의 형식이 'char *'입니다.
D:\MyProgram\Ttmdacl_Programs\CS_DS\Program2_Example.c(243,9): warning C4313: 'printf': 서식 문자열의 '%u'이(가) char *' 형식의 인수 1과(와) 충돌합니다.
D:\MyProgram\Ttmdacl_Programs\CS_DS\Program2_Example.c(244,9): warning C4476: 'printf' : 서식 지정자에 알 수 없는 형식 필드 문자 '\xe3'이(가) 있습니다.
D:\MyProgram\Ttmdacl_Programs\CS_DS\Program2_Example.c(244,62): warning C4474: 'printf' : 서식 문자열에 전달된 인수가 너무 많습니다.
D:\MyProgram\Ttmdacl_Programs\CS_DS\Program2_Example.c(244,62): message : 자리 표시자 및 해당 매개 변수에는 variadic 인수가 0개 필요하지만 1개가 제공되었습니다.
D:\MyProgram\Ttmdacl_Programs\CS_DS\Program2_Example.c(247,9): warning C4477: 'printf' : 서식 문자열 '%u'에 'unsigned int' 형식의 인수가 필요하지만 variadic 인수 1의 형식이 'char **'입니다.
D:\MyProgram\Ttmdacl_Programs\CS_DS\Program2_Example.c(247,9): warning C4313: 'printf': 서식 문자열의 '%u'이(가) char **' 형식의 인수 1과(와) 충돌합니다.
D:\MyProgram\Ttmdacl_Programs\CS_DS\Program2_Example.c(248,9): warning C4477: 'printf' : 서식 문자열 '%u'에 'unsigned int' 형식의 인수가 필요하지만 variadic 인수 1의 형식이 'char *'입니다.
D:\MyProgram\Ttmdacl_Programs\CS_DS\Program2_Example.c(248,9): warning C4313: 'printf': 서식 문자열의 '%u'이(가) char *' 형식의 인수 1과(와) 충돌합니다.
D:\MyProgram\Ttmdacl_Programs\CS_DS\Program2_Example.c(249,9): warning C4476: 'printf' : 서식 지정자에 알 수 없는 형식 필드 문자 '\xe3'이(가) 있습니다.
D:\MyProgram\Ttmdacl_Programs\CS_DS\Program2_Example.c(249,62): warning C4474: 'printf' : 서식 문자열에 전달된 인수가 너무 많습니다.
D:\MyProgram\Ttmdacl_Programs\CS_DS\Program2_Example.c(249,62): message : 자리 표시자 및 해당 매개 변수에는 variadic 인수가 0개 필요하지만 1개가 제공되었습니다.
D:\MyProgram\Ttmdacl_Programs\CS_DS\Program2_Example.c(252,9): warning C4477: 'printf' : 서식 문자열 '%u'에 'unsigned int' 형식의 인수가 필요하지만 variadic 인수 1의 형식이 'char **'입니다.
D:\MyProgram\Ttmdacl_Programs\CS_DS\Program2_Example.c(252,9): warning C4313: 'printf': 서식 문자열의 '%u'이(가) char **' 형식의 인수 1과(와) 충돌합니다.
D:\MyProgram\Ttmdacl_Programs\CS_DS\Program2_Example.c(253,9): warning C4477: 'printf' : 서식 문자열 '%u'에 'unsigned int' 형식의 인수가 필요하지만 variadic 인수 1의 형식이 'char *'입니다.
D:\MyProgram\Ttmdacl_Programs\CS_DS\Program2_Example.c(253,9): warning C4313: 'printf': 서식 문자열의 '%u'이(가) char *' 형식의 인수 1과(와) 충돌합니다.
D:\MyProgram\Ttmdacl_Programs\CS_DS\Program2_Example.c(254,9): warning C4477: 'printf' : 서식 문자열 '%u'에 'unsigned int' 형식의 인수가 필요하지만 variadic 인수 1의 형식이 'char *'입니다.
D:\MyProgram\Ttmdacl_Programs\CS_DS\Program2_Example.c(254,9): warning C4313: 'printf': 서식 문자열의 '%u'이(가) char *' 형식의 인수 1과(와) 충돌합니다.
D:\MyProgram\Ttmdacl_Programs\CS_DS\Program2_Example.c(266,10): warning C4477: 'printf' : 서식 문자열 '%c'에 'int' 형식의 인수가 필요하지만 variadic 인수 1의 형식이 'char *'입니다.
D:\MyProgram\Ttmdacl_Programs\CS_DS\Program2_Example.c(266,10): warning C4313: 'printf': 서식 문자열의 '%c'이(가) char *' 형식의 인수 1과(와) 충돌합니다.
D:\MyProgram\Ttmdacl_Programs\CS_DS\Program2_Example.c(277,10): warning C4477: 'printf' : 서식 문자열 '%c'에 'int' 형식의 인수가 필요하지만 variadic 인수 1의 형식이 'char *'입니다.
D:\MyProgram\Ttmdacl_Programs\CS_DS\Program2_Example.c(277,10): warning C4313: 'printf': 서식 문자열의 '%c'이(가) char *' 형식의 인수 1과(와) 충돌합니다.
D:\MyProgram\Ttmdacl_Programs\CS_DS\Program2_Example.c(307,10): warning C4477: 'printf' : 서식 문자열 '%s'에 'char *' 형식의 인수가 필요하지만 variadic 인수 1의 형식이 'int'입니다.
D:\MyProgram\Ttmdacl_Programs\CS_DS\Program2_Example.c(307,10): warning C4313: 'printf': 서식 문자열의 '%s'이(가) int' 형식의 인수 1과(와) 충돌합니다.
D:\MyProgram\Ttmdacl_Programs\CS_DS\Program2_Example.c(308,10): warning C4477: 'printf' : 서식 문자열 '%s'에 'char *' 형식의 인수가 필요하지만 variadic 인수 1의 형식이 'int'입니다.
D:\MyProgram\Ttmdacl_Programs\CS_DS\Program2_Example.c(308,10): warning C4313: 'printf': 서식 문자열의 '%s'이(가) int' 형식의 인수 1과(와) 충돌합니다.
D:\MyProgram\Ttmdacl_Programs\CS_DS\Program2_Example.c(325,9): warning C4477: 'printf' : 서식 문자열 '%s'에 'char *' 형식의 인수가 필요하지만 variadic 인수 1의 형식이 'int'입니다.
D:\MyProgram\Ttmdacl_Programs\CS_DS\Program2_Example.c(325,9): warning C4313: 'printf': 서식 문자열의 '%s'이(가) int' 형식의 인수 1과(와) 충돌합니다.
D:\MyProgram\Ttmdacl_Programs\CS_DS\Program2_Example.c(326,9): warning C4477: 'printf' : 서식 문자열 '%s'에 'char *' 형식의 인수가 필요하지만 variadic 인수 1의 형식이 'int'입니다.
D:\MyProgram\Ttmdacl_Programs\CS_DS\Program2_Example.c(326,9): warning C4313: 'printf': 서식 문자열의 '%s'이(가) int' 형식의 인수 1과(와) 충돌합니다.
D:\MyProgram\Ttmdacl_Programs\CS_DS\Program2_Example.c(317,6): warning C4101: 'i' :참조되지 않은 지역 변수입니다.
D:\MyProgram\Ttmdacl_Programs\CS_DS\Program2_Example.c(340,3): warning C4033: 'fact'은(는) 값을 반환해야 합니다.
D:\MyProgram\Ttmdacl_Programs\CS_DS\Program2_Example.c(389,2): warning C4098: 'main': 'void' 함수에서 값을 반환하고 있습니다.
  코드를 생성하고 있습니다...
D:\MyProgram\Ttmdacl_Programs\CS_DS\Program2_Example.c(349): warning C4715: 'fact': 모든 제어 경로에서 값을 반환하지는 않습니다.
